<?xml version="1.0" encoding="UTF-8"?>
<!-- Generated by org.testng.reporters.JUnitReportReporter -->
<testsuite skipped="0" hostname="DESKTOP-4BAD25D" name="pack1.DownloadHandling" tests="1" failures="0" timestamp="2022-06-27T08:12:44 IST" time="0.547" errors="0">
  <testcase name="download" time="0.547" classname="pack1.DownloadHandling"/>
  <system-out/>
</testsuite> <!-- pack1.DownloadHandling -->
