<?xml version="1.0" encoding="UTF-8"?>
<!-- Generated by org.testng.reporters.JUnitReportReporter -->
<testsuite hostname="DESKTOP-4BAD25D" failures="0" tests="1" name="assignments.Assign1" time="2.915" errors="0" timestamp="2022-06-25T15:00:51 IST" skipped="0">
  <testcase classname="assignments.Assign1" name="Test1" time="2.915"/>
  <system-out/>
</testsuite> <!-- assignments.Assign1 -->
