<?xml version="1.0" encoding="UTF-8"?>
<!-- Generated by org.testng.reporters.JUnitReportReporter -->
<testsuite hostname="DESKTOP-4BAD25D" failures="0" tests="1" name="assignments.Assign2" time="11.427" errors="0" timestamp="2022-06-25T15:03:29 IST" skipped="0">
  <testcase classname="assignments.Assign2" name="Test2" time="11.427"/>
  <system-out/>
</testsuite> <!-- assignments.Assign2 -->
