<?xml version="1.0" encoding="UTF-8"?>
<!-- Generated by org.testng.reporters.JUnitReportReporter -->
<testsuite hostname="DESKTOP-4BAD25D" failures="0" tests="3" name="pack1.AlertHandling" time="4.263" errors="0" timestamp="2022-06-23T13:32:58 IST" skipped="0">
  <testcase classname="pack1.AlertHandling" name="simpleAlert" time="2.698"/>
  <system-out/>
  <testcase classname="pack1.AlertHandling" name="confirmationAlert" time="0.634"/>
  <system-out/>
  <testcase classname="pack1.AlertHandling" name="promptAlert" time="0.931"/>
  <system-out/>
</testsuite> <!-- pack1.AlertHandling -->
