<?xml version="1.0" encoding="UTF-8"?>
<!-- Generated by org.testng.reporters.JUnitReportReporter -->
<testsuite hostname="DESKTOP-4BAD25D" failures="0" tests="1" name="pack1.ActionClassExample" time="5.880" errors="0" timestamp="2022-06-17T08:21:40 IST" skipped="0">
  <testcase classname="pack1.ActionClassExample" name="rightClick" time="5.880"/>
  <system-out/>
</testsuite> <!-- pack1.ActionClassExample -->
