<?xml version="1.0" encoding="UTF-8"?>
<!-- Generated by org.testng.reporters.JUnitReportReporter -->
<testsuite hostname="DESKTOP-4BAD25D" failures="0" tests="1" name="pack1.FirstTest" time="0.017" errors="0" timestamp="2022-06-10T09:28:22 IST" skipped="0">
  <testcase classname="pack1.FirstTest" name="f" time="0.017"/>
  <system-out/>
</testsuite> <!-- pack1.FirstTest -->
