<?xml version="1.0" encoding="UTF-8"?>
<!-- Generated by org.testng.reporters.JUnitReportReporter -->
<testsuite skipped="0" hostname="DESKTOP-4BAD25D" name="pack1.UploadFile" tests="1" failures="0" timestamp="2022-06-26T14:13:16 IST" time="0.391" errors="0">
  <testcase name="fileUpload" time="0.391" classname="pack1.UploadFile"/>
  <system-out/>
</testsuite> <!-- pack1.UploadFile -->
