<?xml version="1.0" encoding="UTF-8"?>
<!-- Generated by org.testng.reporters.JUnitReportReporter -->
<testsuite hostname="DESKTOP-4BAD25D" failures="0" tests="4" name="pack1.ActionsClassExample" time="0.883" errors="0" timestamp="2022-06-22T08:58:30 IST" skipped="3">
  <testcase classname="pack1.ActionsClassExample" name="mouseHover" time="0.883"/>
  <system-out/>
  <testcase classname="pack1.ActionsClassExample" name="doubleClickPgm">
    <skipped/>
  </testcase> <!-- doubleClickPgm -->
  <system-out/>
  <testcase classname="pack1.ActionsClassExample" name="rightClick">
    <skipped/>
  </testcase> <!-- rightClick -->
  <system-out/>
  <testcase classname="pack1.ActionsClassExample" name="dragdroppgm">
    <skipped/>
  </testcase> <!-- dragdroppgm -->
  <system-out/>
</testsuite> <!-- pack1.ActionsClassExample -->
