<?xml version="1.0" encoding="UTF-8"?>
<!-- Generated by org.testng.reporters.JUnitReportReporter -->
<testsuite hostname="DESKTOP-4BAD25D" failures="0" tests="1" name="pack1.TableHandling" time="1.491" errors="0" timestamp="2022-06-18T14:14:28 IST" skipped="0">
  <testcase classname="pack1.TableHandling" name="tableHandling" time="1.491"/>
  <system-out/>
</testsuite> <!-- pack1.TableHandling -->
