<?xml version="1.0" encoding="UTF-8"?>
<!-- Generated by org.testng.reporters.JUnitReportReporter -->
<testsuite hostname="DESKTOP-4BAD25D" failures="0" tests="1" name="pack1.MercuryAssert" time="50.337" errors="0" timestamp="2022-06-23T13:33:06 IST" skipped="0">
  <testcase classname="pack1.MercuryAssert" name="verifyPassword" time="50.337"/>
  <system-out/>
</testsuite> <!-- pack1.MercuryAssert -->
